<?xml version="1.0" encoding="UTF-8"?>
<testsuite xmlns:xsi="http://www.w3.org/2001/XMLSchema-instance" xsi:noNamespaceSchemaLocation="https://maven.apache.org/surefire/maven-surefire-plugin/xsd/surefire-test-report-3.0.xsd" version="3.0" name="TestSuite" time="1.775" tests="2" errors="0" skipped="0" failures="0">
  <properties>
[...]
</properties>
  <testcase name="testA" classname="MyTests.LaptopTest2" time="0.016">
    <system-out><![CDATA[******************************************
Step 1: Executing Laptop test2  -step1
Step2 : executing step 2 
hi
******************************************
]]></system-out>
  </testcase>
  <testcase name="testA" classname="MyTests.AndroidTest" time="0.002">
    <system-out><![CDATA[******************************************
Step 1: Executing Android test -step1
Step2 : executing step 2 
hi
******************************************
]]></system-out>
  </testcase>
</testsuite>