<?xml version="1.0" encoding="UTF-8"?>
<testng-results total="2" passed="2" failed="0" skipped="0">
  <reporter-output>
  </reporter-output>
  <suite started-at="2022-01-28T18:06:06Z" name="Suite" finished-at="2022-01-28T18:06:06Z" duration-ms="31">
    <groups>
    </groups>
    <test started-at="2022-01-28T18:06:06Z" name="Test" finished-at="2022-01-28T18:06:06Z" duration-ms="31">
      <class name="MyTests.LaptopTest2">
        <test-method signature="testA()[pri:0, instance:MyTests.LaptopTest2@544d57e]" started-at="2022-01-28T23:36:06Z" name="testA" finished-at="2022-01-28T23:36:06Z" duration-ms="12" status="PASS">
          <reporter-output>
          </reporter-output>
        </test-method> <!-- testA -->
      </class> <!-- MyTests.LaptopTest2 -->
    </test> <!-- Test -->
  </suite> <!-- Suite -->
  <suite started-at="2022-01-28T18:06:06Z" name="Suite -2" finished-at="2022-01-28T18:06:06Z" duration-ms="1">
    <groups>
    </groups>
    <test started-at="2022-01-28T18:06:06Z" name="Test" finished-at="2022-01-28T18:06:06Z" duration-ms="1">
      <class name="MyTests.AndroidTest">
        <test-method signature="testA()[pri:0, instance:MyTests.AndroidTest@34f6515b]" started-at="2022-01-28T23:36:06Z" name="testA" finished-at="2022-01-28T23:36:06Z" duration-ms="0" status="PASS">
          <reporter-output>
          </reporter-output>
        </test-method> <!-- testA -->
      </class> <!-- MyTests.AndroidTest -->
    </test> <!-- Test -->
  </suite> <!-- Suite -2 -->
</testng-results>
